
AVRASM ver. 2.1.30  F:\Desktop\Shirazu\Term 7\micro\Cordic\AP\Debug\List\ap.asm Tue May 19 20:13:49 2020

F:\Desktop\Shirazu\Term 7\micro\Cordic\AP\Debug\List\ap.asm(1088): warning: Register r4 already defined by the .DEF directive
F:\Desktop\Shirazu\Term 7\micro\Cordic\AP\Debug\List\ap.asm(1089): warning: Register r5 already defined by the .DEF directive
                 
                 
                 ;CodeVisionAVR C Compiler V3.12 Advanced
                 ;(C) Copyright 1998-2014 Pavel Haiduc, HP InfoTech s.r.l.
                 ;http://www.hpinfotech.com
                 
                 ;Build configuration    : Debug
                 ;Chip type              : ATmega16
                 ;Program type           : Application
                 ;Clock frequency        : 8.000000 MHz
                 ;Memory model           : Small
                 ;Optimize for           : Size
                 ;(s)printf features     : int, width
                 ;(s)scanf features      : int, width
                 ;External RAM size      : 0
                 ;Data Stack size        : 256 byte(s)
                 ;Heap size              : 0 byte(s)
                 ;Promote 'char' to 'int': Yes
                 ;'char' is unsigned     : Yes
                 ;8 bit enums            : Yes
                 ;Global 'const' stored in FLASH: Yes
                 ;Enhanced function parameter passing: Yes
                 ;Enhanced core instructions: On
                 ;Automatic register allocation for global variables: On
                 ;Smart register allocation: On
                 
                 	#define _MODEL_SMALL_
                 
                 	#pragma AVRPART ADMIN PART_NAME ATmega16
                 	#pragma AVRPART MEMORY PROG_FLASH 16384
                 	#pragma AVRPART MEMORY EEPROM 512
                 	#pragma AVRPART MEMORY INT_SRAM SIZE 1024
                 	#pragma AVRPART MEMORY INT_SRAM START_ADDR 0x60
                 
                 	#define CALL_SUPPORTED 1
                 
                 	.LISTMAC
                 	.EQU UDRE=0x5
                 	.EQU RXC=0x7
                 	.EQU USR=0xB
                 	.EQU UDR=0xC
                 	.EQU SPSR=0xE
                 	.EQU SPDR=0xF
                 	.EQU EERE=0x0
                 	.EQU EEWE=0x1
                 	.EQU EEMWE=0x2
                 	.EQU EECR=0x1C
                 	.EQU EEDR=0x1D
                 	.EQU EEARL=0x1E
                 	.EQU EEARH=0x1F
                 	.EQU WDTCR=0x21
                 	.EQU MCUCR=0x35
                 	.EQU GICR=0x3B
                 	.EQU SPL=0x3D
                 	.EQU SPH=0x3E
                 	.EQU SREG=0x3F
                 
                 	.DEF R0X0=R0
                 	.DEF R0X1=R1
                 	.DEF R0X2=R2
                 	.DEF R0X3=R3
                 	.DEF R0X4=R4
                 	.DEF R0X5=R5
                 	.DEF R0X6=R6
                 	.DEF R0X7=R7
                 	.DEF R0X8=R8
                 	.DEF R0X9=R9
                 	.DEF R0XA=R10
                 	.DEF R0XB=R11
                 	.DEF R0XC=R12
                 	.DEF R0XD=R13
                 	.DEF R0XE=R14
                 	.DEF R0XF=R15
                 	.DEF R0X10=R16
                 	.DEF R0X11=R17
                 	.DEF R0X12=R18
                 	.DEF R0X13=R19
                 	.DEF R0X14=R20
                 	.DEF R0X15=R21
                 	.DEF R0X16=R22
                 	.DEF R0X17=R23
                 	.DEF R0X18=R24
                 	.DEF R0X19=R25
                 	.DEF R0X1A=R26
                 	.DEF R0X1B=R27
                 	.DEF R0X1C=R28
                 	.DEF R0X1D=R29
                 	.DEF R0X1E=R30
                 	.DEF R0X1F=R31
                 
                 	.EQU __SRAM_START=0x0060
                 	.EQU __SRAM_END=0x045F
                 	.EQU __DSTACK_SIZE=0x0100
                 	.EQU __HEAP_SIZE=0x0000
                 	.EQU __CLEAR_SRAM_SIZE=__SRAM_END-__SRAM_START+1
                 
                 	.MACRO __CPD1N
                 	CPI  R30,LOW(@0)
                 	LDI  R26,HIGH(@0)
                 	CPC  R31,R26
                 	LDI  R26,BYTE3(@0)
                 	CPC  R22,R26
                 	LDI  R26,BYTE4(@0)
                 	CPC  R23,R26
                 	.ENDM
                 
                 	.MACRO __CPD2N
                 	CPI  R26,LOW(@0)
                 	LDI  R30,HIGH(@0)
                 	CPC  R27,R30
                 	LDI  R30,BYTE3(@0)
                 	CPC  R24,R30
                 	LDI  R30,BYTE4(@0)
                 	CPC  R25,R30
                 	.ENDM
                 
                 	.MACRO __CPWRR
                 	CP   R@0,R@2
                 	CPC  R@1,R@3
                 	.ENDM
                 
                 	.MACRO __CPWRN
                 	CPI  R@0,LOW(@2)
                 	LDI  R30,HIGH(@2)
                 	CPC  R@1,R30
                 	.ENDM
                 
                 	.MACRO __ADDB1MN
                 	SUBI R30,LOW(-@0-(@1))
                 	.ENDM
                 
                 	.MACRO __ADDB2MN
                 	SUBI R26,LOW(-@0-(@1))
                 	.ENDM
                 
                 	.MACRO __ADDW1MN
                 	SUBI R30,LOW(-@0-(@1))
                 	SBCI R31,HIGH(-@0-(@1))
                 	.ENDM
                 
                 	.MACRO __ADDW2MN
                 	SUBI R26,LOW(-@0-(@1))
                 	SBCI R27,HIGH(-@0-(@1))
                 	.ENDM
                 
                 	.MACRO __ADDW1FN
                 	SUBI R30,LOW(-2*@0-(@1))
                 	SBCI R31,HIGH(-2*@0-(@1))
                 	.ENDM
                 
                 	.MACRO __ADDD1FN
                 	SUBI R30,LOW(-2*@0-(@1))
                 	SBCI R31,HIGH(-2*@0-(@1))
                 	SBCI R22,BYTE3(-2*@0-(@1))
                 	.ENDM
                 
                 	.MACRO __ADDD1N
                 	SUBI R30,LOW(-@0)
                 	SBCI R31,HIGH(-@0)
                 	SBCI R22,BYTE3(-@0)
                 	SBCI R23,BYTE4(-@0)
                 	.ENDM
                 
                 	.MACRO __ADDD2N
                 	SUBI R26,LOW(-@0)
                 	SBCI R27,HIGH(-@0)
                 	SBCI R24,BYTE3(-@0)
                 	SBCI R25,BYTE4(-@0)
                 	.ENDM
                 
                 	.MACRO __SUBD1N
                 	SUBI R30,LOW(@0)
                 	SBCI R31,HIGH(@0)
                 	SBCI R22,BYTE3(@0)
                 	SBCI R23,BYTE4(@0)
                 	.ENDM
                 
                 	.MACRO __SUBD2N
                 	SUBI R26,LOW(@0)
                 	SBCI R27,HIGH(@0)
                 	SBCI R24,BYTE3(@0)
                 	SBCI R25,BYTE4(@0)
                 	.ENDM
                 
                 	.MACRO __ANDBMNN
                 	LDS  R30,@0+(@1)
                 	ANDI R30,LOW(@2)
                 	STS  @0+(@1),R30
                 	.ENDM
                 
                 	.MACRO __ANDWMNN
                 	LDS  R30,@0+(@1)
                 	ANDI R30,LOW(@2)
                 	STS  @0+(@1),R30
                 	LDS  R30,@0+(@1)+1
                 	ANDI R30,HIGH(@2)
                 	STS  @0+(@1)+1,R30
                 	.ENDM
                 
                 	.MACRO __ANDD1N
                 	ANDI R30,LOW(@0)
                 	ANDI R31,HIGH(@0)
                 	ANDI R22,BYTE3(@0)
                 	ANDI R23,BYTE4(@0)
                 	.ENDM
                 
                 	.MACRO __ANDD2N
                 	ANDI R26,LOW(@0)
                 	ANDI R27,HIGH(@0)
                 	ANDI R24,BYTE3(@0)
                 	ANDI R25,BYTE4(@0)
                 	.ENDM
                 
                 	.MACRO __ORBMNN
                 	LDS  R30,@0+(@1)
                 	ORI  R30,LOW(@2)
                 	STS  @0+(@1),R30
                 	.ENDM
                 
                 	.MACRO __ORWMNN
                 	LDS  R30,@0+(@1)
                 	ORI  R30,LOW(@2)
                 	STS  @0+(@1),R30
                 	LDS  R30,@0+(@1)+1
                 	ORI  R30,HIGH(@2)
                 	STS  @0+(@1)+1,R30
                 	.ENDM
                 
                 	.MACRO __ORD1N
                 	ORI  R30,LOW(@0)
                 	ORI  R31,HIGH(@0)
                 	ORI  R22,BYTE3(@0)
                 	ORI  R23,BYTE4(@0)
                 	.ENDM
                 
                 	.MACRO __ORD2N
                 	ORI  R26,LOW(@0)
                 	ORI  R27,HIGH(@0)
                 	ORI  R24,BYTE3(@0)
                 	ORI  R25,BYTE4(@0)
                 	.ENDM
                 
                 	.MACRO __DELAY_USB
                 	LDI  R24,LOW(@0)
                 __DELAY_USB_LOOP:
                 	DEC  R24
                 	BRNE __DELAY_USB_LOOP
                 	.ENDM
                 
                 	.MACRO __DELAY_USW
                 	LDI  R24,LOW(@0)
                 	LDI  R25,HIGH(@0)
                 __DELAY_USW_LOOP:
                 	SBIW R24,1
                 	BRNE __DELAY_USW_LOOP
                 	.ENDM
                 
                 	.MACRO __GETD1S
                 	LDD  R30,Y+@0
                 	LDD  R31,Y+@0+1
                 	LDD  R22,Y+@0+2
                 	LDD  R23,Y+@0+3
                 	.ENDM
                 
                 	.MACRO __GETD2S
                 	LDD  R26,Y+@0
                 	LDD  R27,Y+@0+1
                 	LDD  R24,Y+@0+2
                 	LDD  R25,Y+@0+3
                 	.ENDM
                 
                 	.MACRO __PUTD1S
                 	STD  Y+@0,R30
                 	STD  Y+@0+1,R31
                 	STD  Y+@0+2,R22
                 	STD  Y+@0+3,R23
                 	.ENDM
                 
                 	.MACRO __PUTD2S
                 	STD  Y+@0,R26
                 	STD  Y+@0+1,R27
                 	STD  Y+@0+2,R24
                 	STD  Y+@0+3,R25
                 	.ENDM
                 
                 	.MACRO __PUTDZ2
                 	STD  Z+@0,R26
                 	STD  Z+@0+1,R27
                 	STD  Z+@0+2,R24
                 	STD  Z+@0+3,R25
                 	.ENDM
                 
                 	.MACRO __CLRD1S
                 	STD  Y+@0,R30
                 	STD  Y+@0+1,R30
                 	STD  Y+@0+2,R30
                 	STD  Y+@0+3,R30
                 	.ENDM
                 
                 	.MACRO __POINTB1MN
                 	LDI  R30,LOW(@0+(@1))
                 	.ENDM
                 
                 	.MACRO __POINTW1MN
                 	LDI  R30,LOW(@0+(@1))
                 	LDI  R31,HIGH(@0+(@1))
                 	.ENDM
                 
                 	.MACRO __POINTD1M
                 	LDI  R30,LOW(@0)
                 	LDI  R31,HIGH(@0)
                 	LDI  R22,BYTE3(@0)
                 	LDI  R23,BYTE4(@0)
                 	.ENDM
                 
                 	.MACRO __POINTW1FN
                 	LDI  R30,LOW(2*@0+(@1))
                 	LDI  R31,HIGH(2*@0+(@1))
                 	.ENDM
                 
                 	.MACRO __POINTD1FN
                 	LDI  R30,LOW(2*@0+(@1))
                 	LDI  R31,HIGH(2*@0+(@1))
                 	LDI  R22,BYTE3(2*@0+(@1))
                 	LDI  R23,BYTE4(2*@0+(@1))
                 	.ENDM
                 
                 	.MACRO __POINTB2MN
                 	LDI  R26,LOW(@0+(@1))
                 	.ENDM
                 
                 	.MACRO __POINTW2MN
                 	LDI  R26,LOW(@0+(@1))
                 	LDI  R27,HIGH(@0+(@1))
                 	.ENDM
                 
                 	.MACRO __POINTW2FN
                 	LDI  R26,LOW(2*@0+(@1))
                 	LDI  R27,HIGH(2*@0+(@1))
                 	.ENDM
                 
                 	.MACRO __POINTD2FN
                 	LDI  R26,LOW(2*@0+(@1))
                 	LDI  R27,HIGH(2*@0+(@1))
                 	LDI  R24,BYTE3(2*@0+(@1))
                 	LDI  R25,BYTE4(2*@0+(@1))
                 	.ENDM
                 
                 	.MACRO __POINTBRM
                 	LDI  R@0,LOW(@1)
                 	.ENDM
                 
                 	.MACRO __POINTWRM
                 	LDI  R@0,LOW(@2)
                 	LDI  R@1,HIGH(@2)
                 	.ENDM
                 
                 	.MACRO __POINTBRMN
                 	LDI  R@0,LOW(@1+(@2))
                 	.ENDM
                 
                 	.MACRO __POINTWRMN
                 	LDI  R@0,LOW(@2+(@3))
                 	LDI  R@1,HIGH(@2+(@3))
                 	.ENDM
                 
                 	.MACRO __POINTWRFN
                 	LDI  R@0,LOW(@2*2+(@3))
                 	LDI  R@1,HIGH(@2*2+(@3))
                 	.ENDM
                 
                 	.MACRO __GETD1N
                 	LDI  R30,LOW(@0)
                 	LDI  R31,HIGH(@0)
                 	LDI  R22,BYTE3(@0)
                 	LDI  R23,BYTE4(@0)
                 	.ENDM
                 
                 	.MACRO __GETD2N
                 	LDI  R26,LOW(@0)
                 	LDI  R27,HIGH(@0)
                 	LDI  R24,BYTE3(@0)
                 	LDI  R25,BYTE4(@0)
                 	.ENDM
                 
                 	.MACRO __GETB1MN
                 	LDS  R30,@0+(@1)
                 	.ENDM
                 
                 	.MACRO __GETB1HMN
                 	LDS  R31,@0+(@1)
                 	.ENDM
                 
                 	.MACRO __GETW1MN
                 	LDS  R30,@0+(@1)
                 	LDS  R31,@0+(@1)+1
                 	.ENDM
                 
                 	.MACRO __GETD1MN
                 	LDS  R30,@0+(@1)
                 	LDS  R31,@0+(@1)+1
                 	LDS  R22,@0+(@1)+2
                 	LDS  R23,@0+(@1)+3
                 	.ENDM
                 
                 	.MACRO __GETBRMN
                 	LDS  R@0,@1+(@2)
                 	.ENDM
                 
                 	.MACRO __GETWRMN
                 	LDS  R@0,@2+(@3)
                 	LDS  R@1,@2+(@3)+1
                 	.ENDM
                 
                 	.MACRO __GETWRZ
                 	LDD  R@0,Z+@2
                 	LDD  R@1,Z+@2+1
                 	.ENDM
                 
                 	.MACRO __GETD2Z
                 	LDD  R26,Z+@0
                 	LDD  R27,Z+@0+1
                 	LDD  R24,Z+@0+2
                 	LDD  R25,Z+@0+3
                 	.ENDM
                 
                 	.MACRO __GETB2MN
                 	LDS  R26,@0+(@1)
                 	.ENDM
                 
                 	.MACRO __GETW2MN
                 	LDS  R26,@0+(@1)
                 	LDS  R27,@0+(@1)+1
                 	.ENDM
                 
                 	.MACRO __GETD2MN
                 	LDS  R26,@0+(@1)
                 	LDS  R27,@0+(@1)+1
                 	LDS  R24,@0+(@1)+2
                 	LDS  R25,@0+(@1)+3
                 	.ENDM
                 
                 	.MACRO __PUTB1MN
                 	STS  @0+(@1),R30
                 	.ENDM
                 
                 	.MACRO __PUTW1MN
                 	STS  @0+(@1),R30
                 	STS  @0+(@1)+1,R31
                 	.ENDM
                 
                 	.MACRO __PUTD1MN
                 	STS  @0+(@1),R30
                 	STS  @0+(@1)+1,R31
                 	STS  @0+(@1)+2,R22
                 	STS  @0+(@1)+3,R23
                 	.ENDM
                 
                 	.MACRO __PUTB1EN
                 	LDI  R26,LOW(@0+(@1))
                 	LDI  R27,HIGH(@0+(@1))
                 	CALL __EEPROMWRB
                 	.ENDM
                 
                 	.MACRO __PUTW1EN
                 	LDI  R26,LOW(@0+(@1))
                 	LDI  R27,HIGH(@0+(@1))
                 	CALL __EEPROMWRW
                 	.ENDM
                 
                 	.MACRO __PUTD1EN
                 	LDI  R26,LOW(@0+(@1))
                 	LDI  R27,HIGH(@0+(@1))
                 	CALL __EEPROMWRD
                 	.ENDM
                 
                 	.MACRO __PUTBR0MN
                 	STS  @0+(@1),R0
                 	.ENDM
                 
                 	.MACRO __PUTBMRN
                 	STS  @0+(@1),R@2
                 	.ENDM
                 
                 	.MACRO __PUTWMRN
                 	STS  @0+(@1),R@2
                 	STS  @0+(@1)+1,R@3
                 	.ENDM
                 
                 	.MACRO __PUTBZR
                 	STD  Z+@1,R@0
                 	.ENDM
                 
                 	.MACRO __PUTWZR
                 	STD  Z+@2,R@0
                 	STD  Z+@2+1,R@1
                 	.ENDM
                 
                 	.MACRO __GETW1R
                 	MOV  R30,R@0
                 	MOV  R31,R@1
                 	.ENDM
                 
                 	.MACRO __GETW2R
                 	MOV  R26,R@0
                 	MOV  R27,R@1
                 	.ENDM
                 
                 	.MACRO __GETWRN
                 	LDI  R@0,LOW(@2)
                 	LDI  R@1,HIGH(@2)
                 	.ENDM
                 
                 	.MACRO __PUTW1R
                 	MOV  R@0,R30
                 	MOV  R@1,R31
                 	.ENDM
                 
                 	.MACRO __PUTW2R
                 	MOV  R@0,R26
                 	MOV  R@1,R27
                 	.ENDM
                 
                 	.MACRO __ADDWRN
                 	SUBI R@0,LOW(-@2)
                 	SBCI R@1,HIGH(-@2)
                 	.ENDM
                 
                 	.MACRO __ADDWRR
                 	ADD  R@0,R@2
                 	ADC  R@1,R@3
                 	.ENDM
                 
                 	.MACRO __SUBWRN
                 	SUBI R@0,LOW(@2)
                 	SBCI R@1,HIGH(@2)
                 	.ENDM
                 
                 	.MACRO __SUBWRR
                 	SUB  R@0,R@2
                 	SBC  R@1,R@3
                 	.ENDM
                 
                 	.MACRO __ANDWRN
                 	ANDI R@0,LOW(@2)
                 	ANDI R@1,HIGH(@2)
                 	.ENDM
                 
                 	.MACRO __ANDWRR
                 	AND  R@0,R@2
                 	AND  R@1,R@3
                 	.ENDM
                 
                 	.MACRO __ORWRN
                 	ORI  R@0,LOW(@2)
                 	ORI  R@1,HIGH(@2)
                 	.ENDM
                 
                 	.MACRO __ORWRR
                 	OR   R@0,R@2
                 	OR   R@1,R@3
                 	.ENDM
                 
                 	.MACRO __EORWRR
                 	EOR  R@0,R@2
                 	EOR  R@1,R@3
                 	.ENDM
                 
                 	.MACRO __GETWRS
                 	LDD  R@0,Y+@2
                 	LDD  R@1,Y+@2+1
                 	.ENDM
                 
                 	.MACRO __PUTBSR
                 	STD  Y+@1,R@0
                 	.ENDM
                 
                 	.MACRO __PUTWSR
                 	STD  Y+@2,R@0
                 	STD  Y+@2+1,R@1
                 	.ENDM
                 
                 	.MACRO __MOVEWRR
                 	MOV  R@0,R@2
                 	MOV  R@1,R@3
                 	.ENDM
                 
                 	.MACRO __INWR
                 	IN   R@0,@2
                 	IN   R@1,@2+1
                 	.ENDM
                 
                 	.MACRO __OUTWR
                 	OUT  @2+1,R@1
                 	OUT  @2,R@0
                 	.ENDM
                 
                 	.MACRO __CALL1MN
                 	LDS  R30,@0+(@1)
                 	LDS  R31,@0+(@1)+1
                 	ICALL
                 	.ENDM
                 
                 	.MACRO __CALL1FN
                 	LDI  R30,LOW(2*@0+(@1))
                 	LDI  R31,HIGH(2*@0+(@1))
                 	CALL __GETW1PF
                 	ICALL
                 	.ENDM
                 
                 	.MACRO __CALL2EN
                 	PUSH R26
                 	PUSH R27
                 	LDI  R26,LOW(@0+(@1))
                 	LDI  R27,HIGH(@0+(@1))
                 	CALL __EEPROMRDW
                 	POP  R27
                 	POP  R26
                 	ICALL
                 	.ENDM
                 
                 	.MACRO __CALL2EX
                 	SUBI R26,LOW(-@0)
                 	SBCI R27,HIGH(-@0)
                 	CALL __EEPROMRDD
                 	ICALL
                 	.ENDM
                 
                 	.MACRO __GETW1STACK
                 	IN   R30,SPL
                 	IN   R31,SPH
                 	ADIW R30,@0+1
                 	LD   R0,Z+
                 	LD   R31,Z
                 	MOV  R30,R0
                 	.ENDM
                 
                 	.MACRO __GETD1STACK
                 	IN   R30,SPL
                 	IN   R31,SPH
                 	ADIW R30,@0+1
                 	LD   R0,Z+
                 	LD   R1,Z+
                 	LD   R22,Z
                 	MOVW R30,R0
                 	.ENDM
                 
                 	.MACRO __NBST
                 	BST  R@0,@1
                 	IN   R30,SREG
                 	LDI  R31,0x40
                 	EOR  R30,R31
                 	OUT  SREG,R30
                 	.ENDM
                 
                 
                 	.MACRO __PUTB1SN
                 	LDD  R26,Y+@0
                 	LDD  R27,Y+@0+1
                 	SUBI R26,LOW(-@1)
                 	SBCI R27,HIGH(-@1)
                 	ST   X,R30
                 	.ENDM
                 
                 	.MACRO __PUTW1SN
                 	LDD  R26,Y+@0
                 	LDD  R27,Y+@0+1
                 	SUBI R26,LOW(-@1)
                 	SBCI R27,HIGH(-@1)
                 	ST   X+,R30
                 	ST   X,R31
                 	.ENDM
                 
                 	.MACRO __PUTD1SN
                 	LDD  R26,Y+@0
                 	LDD  R27,Y+@0+1
                 	SUBI R26,LOW(-@1)
                 	SBCI R27,HIGH(-@1)
                 	CALL __PUTDP1
                 	.ENDM
                 
                 	.MACRO __PUTB1SNS
                 	LDD  R26,Y+@0
                 	LDD  R27,Y+@0+1
                 	ADIW R26,@1
                 	ST   X,R30
                 	.ENDM
                 
                 	.MACRO __PUTW1SNS
                 	LDD  R26,Y+@0
                 	LDD  R27,Y+@0+1
                 	ADIW R26,@1
                 	ST   X+,R30
                 	ST   X,R31
                 	.ENDM
                 
                 	.MACRO __PUTD1SNS
                 	LDD  R26,Y+@0
                 	LDD  R27,Y+@0+1
                 	ADIW R26,@1
                 	CALL __PUTDP1
                 	.ENDM
                 
                 	.MACRO __PUTB1PMN
                 	LDS  R26,@0
                 	LDS  R27,@0+1
                 	SUBI R26,LOW(-@1)
                 	SBCI R27,HIGH(-@1)
                 	ST   X,R30
                 	.ENDM
                 
                 	.MACRO __PUTW1PMN
                 	LDS  R26,@0
                 	LDS  R27,@0+1
                 	SUBI R26,LOW(-@1)
                 	SBCI R27,HIGH(-@1)
                 	ST   X+,R30
                 	ST   X,R31
                 	.ENDM
                 
                 	.MACRO __PUTD1PMN
                 	LDS  R26,@0
                 	LDS  R27,@0+1
                 	SUBI R26,LOW(-@1)
                 	SBCI R27,HIGH(-@1)
                 	CALL __PUTDP1
                 	.ENDM
                 
                 	.MACRO __PUTB1PMNS
                 	LDS  R26,@0
                 	LDS  R27,@0+1
                 	ADIW R26,@1
                 	ST   X,R30
                 	.ENDM
                 
                 	.MACRO __PUTW1PMNS
                 	LDS  R26,@0
                 	LDS  R27,@0+1
                 	ADIW R26,@1
                 	ST   X+,R30
                 	ST   X,R31
                 	.ENDM
                 
                 	.MACRO __PUTD1PMNS
                 	LDS  R26,@0
                 	LDS  R27,@0+1
                 	ADIW R26,@1
                 	CALL __PUTDP1
                 	.ENDM
                 
                 	.MACRO __PUTB1RN
                 	MOVW R26,R@0
                 	SUBI R26,LOW(-@1)
                 	SBCI R27,HIGH(-@1)
                 	ST   X,R30
                 	.ENDM
                 
                 	.MACRO __PUTW1RN
                 	MOVW R26,R@0
                 	SUBI R26,LOW(-@1)
                 	SBCI R27,HIGH(-@1)
                 	ST   X+,R30
                 	ST   X,R31
                 	.ENDM
                 
                 	.MACRO __PUTD1RN
                 	MOVW R26,R@0
                 	SUBI R26,LOW(-@1)
                 	SBCI R27,HIGH(-@1)
                 	CALL __PUTDP1
                 	.ENDM
                 
                 	.MACRO __PUTB1RNS
                 	MOVW R26,R@0
                 	ADIW R26,@1
                 	ST   X,R30
                 	.ENDM
                 
                 	.MACRO __PUTW1RNS
                 	MOVW R26,R@0
                 	ADIW R26,@1
                 	ST   X+,R30
                 	ST   X,R31
                 	.ENDM
                 
                 	.MACRO __PUTD1RNS
                 	MOVW R26,R@0
                 	ADIW R26,@1
                 	CALL __PUTDP1
                 	.ENDM
                 
                 	.MACRO __PUTB1RON
                 	MOV  R26,R@0
                 	MOV  R27,R@1
                 	SUBI R26,LOW(-@2)
                 	SBCI R27,HIGH(-@2)
                 	ST   X,R30
                 	.ENDM
                 
                 	.MACRO __PUTW1RON
                 	MOV  R26,R@0
                 	MOV  R27,R@1
                 	SUBI R26,LOW(-@2)
                 	SBCI R27,HIGH(-@2)
                 	ST   X+,R30
                 	ST   X,R31
                 	.ENDM
                 
                 	.MACRO __PUTD1RON
                 	MOV  R26,R@0
                 	MOV  R27,R@1
                 	SUBI R26,LOW(-@2)
                 	SBCI R27,HIGH(-@2)
                 	CALL __PUTDP1
                 	.ENDM
                 
                 	.MACRO __PUTB1RONS
                 	MOV  R26,R@0
                 	MOV  R27,R@1
                 	ADIW R26,@2
                 	ST   X,R30
                 	.ENDM
                 
                 	.MACRO __PUTW1RONS
                 	MOV  R26,R@0
                 	MOV  R27,R@1
                 	ADIW R26,@2
                 	ST   X+,R30
                 	ST   X,R31
                 	.ENDM
                 
                 	.MACRO __PUTD1RONS
                 	MOV  R26,R@0
                 	MOV  R27,R@1
                 	ADIW R26,@2
                 	CALL __PUTDP1
                 	.ENDM
                 
                 
                 	.MACRO __GETB1SX
                 	MOVW R30,R28
                 	SUBI R30,LOW(-@0)
                 	SBCI R31,HIGH(-@0)
                 	LD   R30,Z
                 	.ENDM
                 
                 	.MACRO __GETB1HSX
                 	MOVW R30,R28
                 	SUBI R30,LOW(-@0)
                 	SBCI R31,HIGH(-@0)
                 	LD   R31,Z
                 	.ENDM
                 
                 	.MACRO __GETW1SX
                 	MOVW R30,R28
                 	SUBI R30,LOW(-@0)
                 	SBCI R31,HIGH(-@0)
                 	LD   R0,Z+
                 	LD   R31,Z
                 	MOV  R30,R0
                 	.ENDM
                 
                 	.MACRO __GETD1SX
                 	MOVW R30,R28
                 	SUBI R30,LOW(-@0)
                 	SBCI R31,HIGH(-@0)
                 	LD   R0,Z+
                 	LD   R1,Z+
                 	LD   R22,Z+
                 	LD   R23,Z
                 	MOVW R30,R0
                 	.ENDM
                 
                 	.MACRO __GETB2SX
                 	MOVW R26,R28
                 	SUBI R26,LOW(-@0)
                 	SBCI R27,HIGH(-@0)
                 	LD   R26,X
                 	.ENDM
                 
                 	.MACRO __GETW2SX
                 	MOVW R26,R28
                 	SUBI R26,LOW(-@0)
                 	SBCI R27,HIGH(-@0)
                 	LD   R0,X+
                 	LD   R27,X
                 	MOV  R26,R0
                 	.ENDM
                 
                 	.MACRO __GETD2SX
                 	MOVW R26,R28
                 	SUBI R26,LOW(-@0)
                 	SBCI R27,HIGH(-@0)
                 	LD   R0,X+
                 	LD   R1,X+
                 	LD   R24,X+
                 	LD   R25,X
                 	MOVW R26,R0
                 	.ENDM
                 
                 	.MACRO __GETBRSX
                 	MOVW R30,R28
                 	SUBI R30,LOW(-@1)
                 	SBCI R31,HIGH(-@1)
                 	LD   R@0,Z
                 	.ENDM
                 
                 	.MACRO __GETWRSX
                 	MOVW R30,R28
                 	SUBI R30,LOW(-@2)
                 	SBCI R31,HIGH(-@2)
                 	LD   R@0,Z+
                 	LD   R@1,Z
                 	.ENDM
                 
                 	.MACRO __GETBRSX2
                 	MOVW R26,R28
                 	SUBI R26,LOW(-@1)
                 	SBCI R27,HIGH(-@1)
                 	LD   R@0,X
                 	.ENDM
                 
                 	.MACRO __GETWRSX2
                 	MOVW R26,R28
                 	SUBI R26,LOW(-@2)
                 	SBCI R27,HIGH(-@2)
                 	LD   R@0,X+
                 	LD   R@1,X
                 	.ENDM
                 
                 	.MACRO __LSLW8SX
                 	MOVW R30,R28
                 	SUBI R30,LOW(-@0)
                 	SBCI R31,HIGH(-@0)
                 	LD   R31,Z
                 	CLR  R30
                 	.ENDM
                 
                 	.MACRO __PUTB1SX
                 	MOVW R26,R28
                 	SUBI R26,LOW(-@0)
                 	SBCI R27,HIGH(-@0)
                 	ST   X,R30
                 	.ENDM
                 
                 	.MACRO __PUTW1SX
                 	MOVW R26,R28
                 	SUBI R26,LOW(-@0)
                 	SBCI R27,HIGH(-@0)
                 	ST   X+,R30
                 	ST   X,R31
                 	.ENDM
                 
                 	.MACRO __PUTD1SX
                 	MOVW R26,R28
                 	SUBI R26,LOW(-@0)
                 	SBCI R27,HIGH(-@0)
                 	ST   X+,R30
                 	ST   X+,R31
                 	ST   X+,R22
                 	ST   X,R23
                 	.ENDM
                 
                 	.MACRO __CLRW1SX
                 	MOVW R26,R28
                 	SUBI R26,LOW(-@0)
                 	SBCI R27,HIGH(-@0)
                 	ST   X+,R30
                 	ST   X,R30
                 	.ENDM
                 
                 	.MACRO __CLRD1SX
                 	MOVW R26,R28
                 	SUBI R26,LOW(-@0)
                 	SBCI R27,HIGH(-@0)
                 	ST   X+,R30
                 	ST   X+,R30
                 	ST   X+,R30
                 	ST   X,R30
                 	.ENDM
                 
                 	.MACRO __PUTB2SX
                 	MOVW R30,R28
                 	SUBI R30,LOW(-@0)
                 	SBCI R31,HIGH(-@0)
                 	ST   Z,R26
                 	.ENDM
                 
                 	.MACRO __PUTW2SX
                 	MOVW R30,R28
                 	SUBI R30,LOW(-@0)
                 	SBCI R31,HIGH(-@0)
                 	ST   Z+,R26
                 	ST   Z,R27
                 	.ENDM
                 
                 	.MACRO __PUTD2SX
                 	MOVW R30,R28
                 	SUBI R30,LOW(-@0)
                 	SBCI R31,HIGH(-@0)
                 	ST   Z+,R26
                 	ST   Z+,R27
                 	ST   Z+,R24
                 	ST   Z,R25
                 	.ENDM
                 
                 	.MACRO __PUTBSRX
                 	MOVW R30,R28
                 	SUBI R30,LOW(-@1)
                 	SBCI R31,HIGH(-@1)
                 	ST   Z,R@0
                 	.ENDM
                 
                 	.MACRO __PUTWSRX
                 	MOVW R30,R28
                 	SUBI R30,LOW(-@2)
                 	SBCI R31,HIGH(-@2)
                 	ST   Z+,R@0
                 	ST   Z,R@1
                 	.ENDM
                 
                 	.MACRO __PUTB1SNX
                 	MOVW R26,R28
                 	SUBI R26,LOW(-@0)
                 	SBCI R27,HIGH(-@0)
                 	LD   R0,X+
                 	LD   R27,X
                 	MOV  R26,R0
                 	SUBI R26,LOW(-@1)
                 	SBCI R27,HIGH(-@1)
                 	ST   X,R30
                 	.ENDM
                 
                 	.MACRO __PUTW1SNX
                 	MOVW R26,R28
                 	SUBI R26,LOW(-@0)
                 	SBCI R27,HIGH(-@0)
                 	LD   R0,X+
                 	LD   R27,X
                 	MOV  R26,R0
                 	SUBI R26,LOW(-@1)
                 	SBCI R27,HIGH(-@1)
                 	ST   X+,R30
                 	ST   X,R31
                 	.ENDM
                 
                 	.MACRO __PUTD1SNX
                 	MOVW R26,R28
                 	SUBI R26,LOW(-@0)
                 	SBCI R27,HIGH(-@0)
                 	LD   R0,X+
                 	LD   R27,X
                 	MOV  R26,R0
                 	SUBI R26,LOW(-@1)
                 	SBCI R27,HIGH(-@1)
                 	ST   X+,R30
                 	ST   X+,R31
                 	ST   X+,R22
                 	ST   X,R23
                 	.ENDM
                 
                 	.MACRO __MULBRR
                 	MULS R@0,R@1
                 	MOVW R30,R0
                 	.ENDM
                 
                 	.MACRO __MULBRRU
                 	MUL  R@0,R@1
                 	MOVW R30,R0
                 	.ENDM
                 
                 	.MACRO __MULBRR0
                 	MULS R@0,R@1
                 	.ENDM
                 
                 	.MACRO __MULBRRU0
                 	MUL  R@0,R@1
                 	.ENDM
                 
                 	.MACRO __MULBNWRU
                 	LDI  R26,@2
                 	MUL  R26,R@0
                 	MOVW R30,R0
                 	MUL  R26,R@1
                 	ADD  R31,R0
                 	.ENDM
                 
                 ;NAME DEFINITIONS FOR GLOBAL VARIABLES ALLOCATED TO REGISTERS
                 	.DEF _i=R4
                 	.DEF _i_msb=R5
                 
                 	.CSEG
                 	.ORG 0x00
                 
                 ;START OF CODE MARKER
                 __START_OF_CODE:
                 
                 ;INTERRUPT VECTORS
000000 940c 006a 	JMP  __RESET
000002 940c 0000 	JMP  0x00
000004 940c 0000 	JMP  0x00
000006 940c 0000 	JMP  0x00
000008 940c 010a 	JMP  _timer2_ovf_isr
00000a 940c 0000 	JMP  0x00
00000c 940c 0000 	JMP  0x00
00000e 940c 0000 	JMP  0x00
000010 940c 0000 	JMP  0x00
000012 940c 0000 	JMP  0x00
000014 940c 0000 	JMP  0x00
000016 940c 0000 	JMP  0x00
000018 940c 0000 	JMP  0x00
00001a 940c 0000 	JMP  0x00
00001c 940c 0000 	JMP  0x00
00001e 940c 0000 	JMP  0x00
000020 940c 0000 	JMP  0x00
000022 940c 0000 	JMP  0x00
000024 940c 0000 	JMP  0x00
000026 940c 0000 	JMP  0x00
000028 940c 0000 	JMP  0x00
                 
                 ;GLOBAL REGISTER VARIABLES INITIALIZATION
                 __REG_VARS:
00002a 0000      	.DB  0x0,0x0
                 
                 _0x3:
00002b ae80
00002c f2d5
00002d fafe
00002e c3e5      	.DB  0x80,0xAE,0xD5,0xF2,0xFE,0xFA,0xE5,0xC3
00002f 6897
000030 1a3c
000031 0105
000032 2a0d      	.DB  0x97,0x68,0x3C,0x1A,0x5,0x1,0xD,0x2A
F:\Desktop\Shirazu\Term 7\micro\Cordic\AP\Debug\List\ap.asm(1127): warning: .cseg .db misalignment - padding zero byte
000033 0051      	.DB  0x51
                 _0x4:
000034 0834
000035 1068
000036 189c
000037 2134      	.DB  0x34,0x8,0x68,0x10,0x9C,0x18,0x34,0x21
000038 1ce8
000039 14b4
00003a 0c80
00003b 044c      	.DB  0xE8,0x1C,0xB4,0x14,0x80,0xC,0x4C,0x4
00003c 03e8
00003d 0c80
00003e 14b4
00003f 1ce8      	.DB  0xE8,0x3,0x80,0xC,0xB4,0x14,0xE8,0x1C
000040 2134
000041 189c
000042 1068
000043 0834      	.DB  0x34,0x21,0x9C,0x18,0x68,0x10,0x34,0x8
                 _0x5:
000044 0001
000045 0002
000046 0004
000047 0008      	.DB  0x1,0x0,0x2,0x0,0x4,0x0,0x8,0x0
000048 0010
000049 0020
00004a 0040
00004b 0080      	.DB  0x10,0x0,0x20,0x0,0x40,0x0,0x80,0x0
00004c 0100
00004d 0200
00004e 0400      	.DB  0x0,0x1,0x0,0x2,0x0,0x4
                 _0x6:
00004f 1194
000050 0a61
000051 057c
000052 02c9      	.DB  0x94,0x11,0x61,0xA,0x7C,0x5,0xC9,0x2
000053 0166
000054 00b3
000055 005a
000056 002d      	.DB  0x66,0x1,0xB3,0x0,0x5A,0x0,0x2D,0x0
000057 0016
000058 000b
F:\Desktop\Shirazu\Term 7\micro\Cordic\AP\Debug\List\ap.asm(1140): warning: .cseg .db misalignment - padding zero byte
000059 0006      	.DB  0x16,0x0,0xB,0x0,0x6
                 
                 __GLOBAL_INI_TBL:
00005a 0002      	.DW  0x02
00005b 0004      	.DW  0x04
00005c 0054      	.DW  __REG_VARS*2
                 
00005d 0011      	.DW  0x11
00005e 0160      	.DW  _lut
00005f 0056      	.DW  _0x3*2
                 
000060 0020      	.DW  0x20
000061 0171      	.DW  _P
000062 0068      	.DW  _0x4*2
                 
000063 0016      	.DW  0x16
000064 0193      	.DW  _TI
000065 0088      	.DW  _0x5*2
                 
000066 0015      	.DW  0x15
000067 01a9      	.DW  _W
000068 009e      	.DW  _0x6*2
                 
                 _0xFFFFFFFF:
000069 0000      	.DW  0
                 
                 #define __GLOBAL_INI_TBL_PRESENT 1
                 
                 __RESET:
00006a 94f8      	CLI
00006b 27ee      	CLR  R30
00006c bbec      	OUT  EECR,R30
                 
                 ;INTERRUPT VECTORS ARE PLACED
                 ;AT THE START OF FLASH
00006d e0f1      	LDI  R31,1
00006e bffb      	OUT  GICR,R31
00006f bfeb      	OUT  GICR,R30
000070 bfe5      	OUT  MCUCR,R30
                 
                 ;CLEAR R2-R14
000071 e08d      	LDI  R24,(14-2)+1
000072 e0a2      	LDI  R26,2
000073 27bb      	CLR  R27
                 __CLEAR_REG:
000074 93ed      	ST   X+,R30
000075 958a      	DEC  R24
000076 f7e9      	BRNE __CLEAR_REG
                 
                 ;CLEAR SRAM
000077 e080      	LDI  R24,LOW(__CLEAR_SRAM_SIZE)
000078 e094      	LDI  R25,HIGH(__CLEAR_SRAM_SIZE)
000079 e6a0      	LDI  R26,__SRAM_START
                 __CLEAR_SRAM:
00007a 93ed      	ST   X+,R30
00007b 9701      	SBIW R24,1
00007c f7e9      	BRNE __CLEAR_SRAM
                 
                 ;GLOBAL VARIABLES INITIALIZATION
00007d ebe4      	LDI  R30,LOW(__GLOBAL_INI_TBL*2)
00007e e0f0      	LDI  R31,HIGH(__GLOBAL_INI_TBL*2)
                 __GLOBAL_INI_NEXT:
00007f 9185      	LPM  R24,Z+
000080 9195      	LPM  R25,Z+
000081 9700      	SBIW R24,0
000082 f061      	BREQ __GLOBAL_INI_END
000083 91a5      	LPM  R26,Z+
000084 91b5      	LPM  R27,Z+
000085 9005      	LPM  R0,Z+
000086 9015      	LPM  R1,Z+
000087 01bf      	MOVW R22,R30
000088 01f0      	MOVW R30,R0
                 __GLOBAL_INI_LOOP:
000089 9005      	LPM  R0,Z+
00008a 920d      	ST   X+,R0
00008b 9701      	SBIW R24,1
00008c f7e1      	BRNE __GLOBAL_INI_LOOP
00008d 01fb      	MOVW R30,R22
00008e cff0      	RJMP __GLOBAL_INI_NEXT
                 __GLOBAL_INI_END:
                 
                 ;HARDWARE STACK POINTER INITIALIZATION
00008f e5ef      	LDI  R30,LOW(__SRAM_END-__HEAP_SIZE)
000090 bfed      	OUT  SPL,R30
000091 e0e4      	LDI  R30,HIGH(__SRAM_END-__HEAP_SIZE)
000092 bfee      	OUT  SPH,R30
                 
                 ;DATA STACK POINTER INITIALIZATION
000093 e6c0      	LDI  R28,LOW(__SRAM_START+__DSTACK_SIZE)
000094 e0d1      	LDI  R29,HIGH(__SRAM_START+__DSTACK_SIZE)
                 
000095 940c 0137 	JMP  _main
                 
                 	.ESEG
                 	.ORG 0
                 
                 	.DSEG
                 	.ORG 0x160
                 
                 	.CSEG
                 ;/*******************************************************
                 ;This program was created by the
                 ;CodeWizardAVR V3.12 Advanced
                 ;Automatic Program Generator
                 ;© Copyright 1998-2014 Pavel Haiduc, HP InfoTech s.r.l.
                 ;http://www.hpinfotech.com
                 ;
                 ;Project :
                 ;Version :
                 ;Date    : 7/9/2018
                 ;Author  :
                 ;Company :
                 ;Comments:
                 ;
                 ;
                 ;Chip type               : ATmega16
                 ;Program type            : Application
                 ;AVR Core Clock frequency: 8.000000 MHz
                 ;Memory model            : Small
                 ;External RAM size       : 0
                 ;Data Stack size         : 256
                 ;*******************************************************/
                 ;
                 ;#include <mega16.h>
                 	#ifndef __SLEEP_DEFINED__
                 	#define __SLEEP_DEFINED__
                 	.EQU __se_bit=0x40
                 	.EQU __sm_mask=0xB0
                 	.EQU __sm_powerdown=0x20
                 	.EQU __sm_powersave=0x30
                 	.EQU __sm_standby=0xA0
                 	.EQU __sm_ext_standby=0xB0
                 	.EQU __sm_adc_noise_red=0x10
                 	.SET power_ctrl_reg=mcucr
                 	#endif
                 ;
                 ;// Declare your global variables here
                 ;char lut[17] = {128, 174, 213, 242, 254, 250, 229, 195, 151, 104, 60, 26, 5, 1, 13, 42, 81}; // Sine lookup table
                 
                 	.DSEG
                 ;int P[17] = {2100, 4200, 6300, 8500, 7400, 5300, 3200, 1100, 1000, 3200, 5300, 7400, 8500, 6300, 4200, 2100, 0}; // Angl ...
                 ;int TI[11] = {1, 2, 4, 8, 16, 32, 64, 128, 256, 512, 1024}; // For shifting
                 ;int W[11] = {4500, 2657, 1404, 713, 358, 179, 90, 45, 22, 11, 6}; // atan lookup table
                 ;int i = 0;
                 ;
                 ;char f(int k) { // Cordic - Circular - Rotation Mode
                 ; 0000 0021 char f(int k) {
                 
                 	.CSEG
                 _f:
                 ; .FSTART _f
                 ; 0000 0022     int j = 0;
                 ; 0000 0023     int x = 2048, xt;
                 ; 0000 0024     int y = 2048, yt;
                 ; 0000 0025     int z = P[k], zt;
                 ; 0000 0026     int s, r;
                 ; 0000 0027     for (j = 0; j < 12; j++){
000097 93ba      	ST   -Y,R27
000098 93aa      	ST   -Y,R26
000099 972c      	SBIW R28,12
00009a e0e0      	LDI  R30,LOW(0)
00009b 87ea      	STD  Y+10,R30
00009c e0e8      	LDI  R30,LOW(8)
00009d 87eb      	STD  Y+11,R30
00009e 940e 01b2 	CALL __SAVELOCR6
                 ;	k -> Y+18
                 ;	j -> R16,R17
                 ;	x -> R18,R19
                 ;	xt -> R20,R21
                 ;	y -> Y+16
                 ;	yt -> Y+14
                 ;	z -> Y+12
                 ;	zt -> Y+10
                 ;	s -> Y+8
                 ;	r -> Y+6
                +
0000a0 e000     +LDI R16 , LOW ( 0 )
0000a1 e010     +LDI R17 , HIGH ( 0 )
                 	__GETWRN 16,17,0
                +
0000a2 e020     +LDI R18 , LOW ( 2048 )
0000a3 e038     +LDI R19 , HIGH ( 2048 )
                 	__GETWRN 18,19,2048
0000a4 89ea      	LDD  R30,Y+18
0000a5 89fb      	LDD  R31,Y+18+1
0000a6 e7a1      	LDI  R26,LOW(_P)
0000a7 e0b1      	LDI  R27,HIGH(_P)
0000a8 d0be      	RCALL SUBOPT_0x0
0000a9 87ec      	STD  Y+12,R30
0000aa 87fd      	STD  Y+12+1,R31
                +
0000ab e000     +LDI R16 , LOW ( 0 )
0000ac e010     +LDI R17 , HIGH ( 0 )
                 	__GETWRN 16,17,0
                 _0x8:
                +
0000ad 300c     +CPI R16 , LOW ( 12 )
0000ae e0e0     +LDI R30 , HIGH ( 12 )
0000af 071e     +CPC R17 , R30
                 	__CPWRN 16,17,12
0000b0 f5dc      	BRGE _0x9
                 ; 0000 0028         s = 1;
0000b1 e0e1      	LDI  R30,LOW(1)
0000b2 e0f0      	LDI  R31,HIGH(1)
0000b3 87e8      	STD  Y+8,R30
0000b4 87f9      	STD  Y+8+1,R31
                 ; 0000 0029         if (z < 0) s = -1;
0000b5 85ad      	LDD  R26,Y+13
0000b6 23aa      	TST  R26
0000b7 f422      	BRPL _0xA
0000b8 efef      	LDI  R30,LOW(65535)
0000b9 efff      	LDI  R31,HIGH(65535)
0000ba 87e8      	STD  Y+8,R30
0000bb 87f9      	STD  Y+8+1,R31
                 ; 0000 002A         xt = x - s * y / TI[j];
                 _0xA:
0000bc 89e8      	LDD  R30,Y+16
0000bd 89f9      	LDD  R31,Y+16+1
0000be d0af      	RCALL SUBOPT_0x1
0000bf 01d0      	MOVW R26,R0
0000c0 940e 019b 	CALL __DIVW21
0000c2 01df      	MOVW R26,R30
0000c3 01f9      	MOVW R30,R18
0000c4 1bea      	SUB  R30,R26
0000c5 0bfb      	SBC  R31,R27
0000c6 01af      	MOVW R20,R30
                 ; 0000 002B         yt = y + s * x / TI[j];
0000c7 01f9      	MOVW R30,R18
0000c8 d0a5      	RCALL SUBOPT_0x1
0000c9 01d0      	MOVW R26,R0
0000ca 940e 019b 	CALL __DIVW21
0000cc 89a8      	LDD  R26,Y+16
0000cd 89b9      	LDD  R27,Y+16+1
0000ce 0fea      	ADD  R30,R26
0000cf 1ffb      	ADC  R31,R27
0000d0 87ee      	STD  Y+14,R30
0000d1 87ff      	STD  Y+14+1,R31
                 ; 0000 002C         zt = z - s * W[j];
0000d2 01f8      	MOVW R30,R16
0000d3 eaa9      	LDI  R26,LOW(_W)
0000d4 e0b1      	LDI  R27,HIGH(_W)
0000d5 d091      	RCALL SUBOPT_0x0
0000d6 85a8      	LDD  R26,Y+8
0000d7 85b9      	LDD  R27,Y+8+1
0000d8 940e 0183 	CALL __MULW12
0000da 85ac      	LDD  R26,Y+12
0000db 85bd      	LDD  R27,Y+12+1
0000dc 1bae      	SUB  R26,R30
0000dd 0bbf      	SBC  R27,R31
0000de 87aa      	STD  Y+10,R26
0000df 87bb      	STD  Y+10+1,R27
                 ; 0000 002D         x = xt;
0000e0 019a      	MOVW R18,R20
                 ; 0000 002E         y = yt;
0000e1 85ee      	LDD  R30,Y+14
0000e2 85ff      	LDD  R31,Y+14+1
0000e3 8be8      	STD  Y+16,R30
0000e4 8bf9      	STD  Y+16+1,R31
                 ; 0000 002F         z = zt;
0000e5 85ea      	LDD  R30,Y+10
0000e6 85fb      	LDD  R31,Y+10+1
0000e7 87ec      	STD  Y+12,R30
0000e8 87fd      	STD  Y+12+1,R31
                 ; 0000 0030     }
                +
0000e9 5f0f     +SUBI R16 , LOW ( - 1 )
0000ea 4f1f     +SBCI R17 , HIGH ( - 1 )
                 	__ADDWRN 16,17,1
0000eb cfc1      	RJMP _0x8
                 _0x9:
                 ; 0000 0031     if (k < 9)
0000ec 89aa      	LDD  R26,Y+18
0000ed 89bb      	LDD  R27,Y+18+1
0000ee 9719      	SBIW R26,9
0000ef f42c      	BRGE _0xB
                 ; 0000 0032         r = y - x;
0000f0 89e8      	LDD  R30,Y+16
0000f1 89f9      	LDD  R31,Y+16+1
0000f2 1be2      	SUB  R30,R18
0000f3 0bf3      	SBC  R31,R19
0000f4 c005      	RJMP _0x12
                 ; 0000 0033     else
                 _0xB:
                 ; 0000 0034         r = x - y;
0000f5 89a8      	LDD  R26,Y+16
0000f6 89b9      	LDD  R27,Y+16+1
0000f7 01f9      	MOVW R30,R18
0000f8 1bea      	SUB  R30,R26
0000f9 0bfb      	SBC  R31,R27
                 _0x12:
0000fa 83ee      	STD  Y+6,R30
0000fb 83ff      	STD  Y+6+1,R31
                 ; 0000 0035     r /= 100;
0000fc 81ae      	LDD  R26,Y+6
0000fd 81bf      	LDD  R27,Y+6+1
0000fe e6e4      	LDI  R30,LOW(100)
0000ff e0f0      	LDI  R31,HIGH(100)
000100 940e 019b 	CALL __DIVW21
000102 83ee      	STD  Y+6,R30
000103 83ff      	STD  Y+6+1,R31
                 ; 0000 0036     return r + 128;
000104 81ee      	LDD  R30,Y+6
000105 58e0      	SUBI R30,-LOW(128)
000106 940e 01b9 	CALL __LOADLOCR6
000108 9664      	ADIW R28,20
000109 9508      	RET
                 ; 0000 0037 }
                 ; .FEND
                 ;
                 ;// Timer2 overflow interrupt service routine
                 ;interrupt [TIM2_OVF] void timer2_ovf_isr(void)
                 ; 0000 003B {
                 _timer2_ovf_isr:
                 ; .FSTART _timer2_ovf_isr
00010a 920a      	ST   -Y,R0
00010b 921a      	ST   -Y,R1
00010c 92fa      	ST   -Y,R15
00010d 936a      	ST   -Y,R22
00010e 937a      	ST   -Y,R23
00010f 938a      	ST   -Y,R24
000110 939a      	ST   -Y,R25
000111 93aa      	ST   -Y,R26
000112 93ba      	ST   -Y,R27
000113 93ea      	ST   -Y,R30
000114 93fa      	ST   -Y,R31
000115 b7ef      	IN   R30,SREG
000116 93ea      	ST   -Y,R30
                 ; 0000 003C     PORTD = f(i); // Sine using Cordic
000117 01d2      	MOVW R26,R4
000118 df7e      	RCALL _f
000119 bbe2      	OUT  0x12,R30
                 ; 0000 003D     PORTC = lut[i++]; // Sine using lookup table
00011a 01f2      	MOVW R30,R4
00011b 9631      	ADIW R30,1
00011c 012f      	MOVW R4,R30
00011d 9731      	SBIW R30,1
00011e 5ae0      	SUBI R30,LOW(-_lut)
00011f 4ffe      	SBCI R31,HIGH(-_lut)
000120 81e0      	LD   R30,Z
000121 bbe5      	OUT  0x15,R30
                 ; 0000 003E     if (i == 17) i = 0;
000122 e1e1      	LDI  R30,LOW(17)
000123 e0f0      	LDI  R31,HIGH(17)
000124 15e4      	CP   R30,R4
000125 05f5      	CPC  R31,R5
000126 f411      	BRNE _0xD
000127 2444      	CLR  R4
000128 2455      	CLR  R5
                 ; 0000 003F }
                 _0xD:
000129 91e9      	LD   R30,Y+
00012a bfef      	OUT  SREG,R30
00012b 91f9      	LD   R31,Y+
00012c 91e9      	LD   R30,Y+
00012d 91b9      	LD   R27,Y+
00012e 91a9      	LD   R26,Y+
00012f 9199      	LD   R25,Y+
000130 9189      	LD   R24,Y+
000131 9179      	LD   R23,Y+
000132 9169      	LD   R22,Y+
000133 90f9      	LD   R15,Y+
000134 9019      	LD   R1,Y+
000135 9009      	LD   R0,Y+
000136 9518      	RETI
                 ; .FEND
                 ;
                 ;void main(void)
                 ; 0000 0042 {
                 _main:
                 ; .FSTART _main
                 ; 0000 0043 // Declare your local variables here
                 ; 0000 0044 
                 ; 0000 0045 // Input/Output Ports initialization
                 ; 0000 0046 // Port A initialization
                 ; 0000 0047 // Function: Bit7=In Bit6=In Bit5=In Bit4=In Bit3=In Bit2=In Bit1=In Bit0=In
                 ; 0000 0048 DDRA=(0<<DDA7) | (0<<DDA6) | (0<<DDA5) | (0<<DDA4) | (0<<DDA3) | (0<<DDA2) | (0<<DDA1) | (0<<DDA0);
000137 e0e0      	LDI  R30,LOW(0)
000138 bbea      	OUT  0x1A,R30
                 ; 0000 0049 // State: Bit7=T Bit6=T Bit5=T Bit4=T Bit3=T Bit2=T Bit1=T Bit0=T
                 ; 0000 004A PORTA=(0<<PORTA7) | (0<<PORTA6) | (0<<PORTA5) | (0<<PORTA4) | (0<<PORTA3) | (0<<PORTA2) | (0<<PORTA1) | (0<<PORTA0);
000139 bbeb      	OUT  0x1B,R30
                 ; 0000 004B 
                 ; 0000 004C // Port B initialization
                 ; 0000 004D // Function: Bit7=In Bit6=In Bit5=In Bit4=In Bit3=In Bit2=In Bit1=In Bit0=In
                 ; 0000 004E DDRB=(0<<DDB7) | (0<<DDB6) | (0<<DDB5) | (0<<DDB4) | (0<<DDB3) | (0<<DDB2) | (0<<DDB1) | (0<<DDB0);
00013a bbe7      	OUT  0x17,R30
                 ; 0000 004F // State: Bit7=T Bit6=T Bit5=T Bit4=T Bit3=T Bit2=T Bit1=T Bit0=T
                 ; 0000 0050 PORTB=(0<<PORTB7) | (0<<PORTB6) | (0<<PORTB5) | (0<<PORTB4) | (0<<PORTB3) | (0<<PORTB2) | (0<<PORTB1) | (0<<PORTB0);
00013b bbe8      	OUT  0x18,R30
                 ; 0000 0051 
                 ; 0000 0052 // Port C initialization
                 ; 0000 0053 // Function: Bit7=In Bit6=In Bit5=In Bit4=In Bit3=In Bit2=In Bit1=In Bit0=In
                 ; 0000 0054 DDRC=(1<<DDC7) | (1<<DDC6) | (1<<DDC5) | (1<<DDC4) | (1<<DDC3) | (1<<DDC2) | (1<<DDC1) | (1<<DDC0);
00013c efef      	LDI  R30,LOW(255)
00013d bbe4      	OUT  0x14,R30
                 ; 0000 0055 // State: Bit7=T Bit6=T Bit5=T Bit4=T Bit3=T Bit2=T Bit1=T Bit0=T
                 ; 0000 0056 PORTC=(0<<PORTC7) | (0<<PORTC6) | (0<<PORTC5) | (0<<PORTC4) | (0<<PORTC3) | (0<<PORTC2) | (0<<PORTC1) | (0<<PORTC0);
00013e e0e0      	LDI  R30,LOW(0)
00013f bbe5      	OUT  0x15,R30
                 ; 0000 0057 
                 ; 0000 0058 // Port D initialization
                 ; 0000 0059 // Function: Bit7=In Bit6=In Bit5=In Bit4=In Bit3=In Bit2=In Bit1=In Bit0=In
                 ; 0000 005A DDRD=(1<<DDD7) | (1<<DDD6) | (1<<DDD5) | (1<<DDD4) | (1<<DDD3) | (1<<DDD2) | (1<<DDD1) | (1<<DDD0);
000140 efef      	LDI  R30,LOW(255)
000141 bbe1      	OUT  0x11,R30
                 ; 0000 005B // State: Bit7=T Bit6=T Bit5=T Bit4=T Bit3=T Bit2=T Bit1=T Bit0=T
                 ; 0000 005C PORTD=(0<<PORTD7) | (0<<PORTD6) | (0<<PORTD5) | (0<<PORTD4) | (0<<PORTD3) | (0<<PORTD2) | (0<<PORTD1) | (0<<PORTD0);
000142 e0e0      	LDI  R30,LOW(0)
000143 bbe2      	OUT  0x12,R30
                 ; 0000 005D 
                 ; 0000 005E // Timer/Counter 0 initialization
                 ; 0000 005F // Clock source: System Clock
                 ; 0000 0060 // Clock value: Timer 0 Stopped
                 ; 0000 0061 // Mode: Normal top=0xFF
                 ; 0000 0062 // OC0 output: Disconnected
                 ; 0000 0063 TCCR0=(0<<WGM00) | (0<<COM01) | (0<<COM00) | (0<<WGM01) | (0<<CS02) | (0<<CS01) | (0<<CS00);
000144 bfe3      	OUT  0x33,R30
                 ; 0000 0064 TCNT0=0x00;
000145 bfe2      	OUT  0x32,R30
                 ; 0000 0065 OCR0=0x00;
000146 bfec      	OUT  0x3C,R30
                 ; 0000 0066 
                 ; 0000 0067 // Timer/Counter 1 initialization
                 ; 0000 0068 // Clock source: System Clock
                 ; 0000 0069 // Clock value: Timer1 Stopped
                 ; 0000 006A // Mode: Normal top=0xFFFF
                 ; 0000 006B // OC1A output: Disconnected
                 ; 0000 006C // OC1B output: Disconnected
                 ; 0000 006D // Noise Canceler: Off
                 ; 0000 006E // Input Capture on Falling Edge
                 ; 0000 006F // Timer1 Overflow Interrupt: Off
                 ; 0000 0070 // Input Capture Interrupt: Off
                 ; 0000 0071 // Compare A Match Interrupt: Off
                 ; 0000 0072 // Compare B Match Interrupt: Off
                 ; 0000 0073 TCCR1A=(0<<COM1A1) | (0<<COM1A0) | (0<<COM1B1) | (0<<COM1B0) | (0<<WGM11) | (0<<WGM10);
000147 bdef      	OUT  0x2F,R30
                 ; 0000 0074 TCCR1B=(0<<ICNC1) | (0<<ICES1) | (0<<WGM13) | (0<<WGM12) | (0<<CS12) | (0<<CS11) | (0<<CS10);
000148 bdee      	OUT  0x2E,R30
                 ; 0000 0075 TCNT1H=0x00;
000149 bded      	OUT  0x2D,R30
                 ; 0000 0076 TCNT1L=0x00;
00014a bdec      	OUT  0x2C,R30
                 ; 0000 0077 ICR1H=0x00;
00014b bde7      	OUT  0x27,R30
                 ; 0000 0078 ICR1L=0x00;
00014c bde6      	OUT  0x26,R30
                 ; 0000 0079 OCR1AH=0x00;
00014d bdeb      	OUT  0x2B,R30
                 ; 0000 007A OCR1AL=0x00;
00014e bdea      	OUT  0x2A,R30
                 ; 0000 007B OCR1BH=0x00;
00014f bde9      	OUT  0x29,R30
                 ; 0000 007C OCR1BL=0x00;
000150 bde8      	OUT  0x28,R30
                 ; 0000 007D 
                 ; 0000 007E // Timer/Counter 2 initialization
                 ; 0000 007F // Clock source: System Clock
                 ; 0000 0080 // Clock value: 8000.000 kHz
                 ; 0000 0081 // Mode: Normal top=0xFF
                 ; 0000 0082 // OC2 output: Disconnected
                 ; 0000 0083 // Timer Period: 0.032 ms
                 ; 0000 0084 ASSR=0<<AS2;
000151 bde2      	OUT  0x22,R30
                 ; 0000 0085 TCCR2=(0<<PWM2) | (0<<COM21) | (0<<COM20) | (0<<CTC2) | (0<<CS22) | (0<<CS21) | (1<<CS20);
000152 e0e1      	LDI  R30,LOW(1)
000153 bde5      	OUT  0x25,R30
                 ; 0000 0086 TCNT2=0x00;
000154 e0e0      	LDI  R30,LOW(0)
000155 bde4      	OUT  0x24,R30
                 ; 0000 0087 OCR2=0x00;
000156 bde3      	OUT  0x23,R30
                 ; 0000 0088 
                 ; 0000 0089 // Timer(s)/Counter(s) Interrupt(s) initialization
                 ; 0000 008A TIMSK=(0<<OCIE2) | (1<<TOIE2) | (0<<TICIE1) | (0<<OCIE1A) | (0<<OCIE1B) | (0<<TOIE1) | (0<<OCIE0) | (0<<TOIE0);
000157 e4e0      	LDI  R30,LOW(64)
000158 bfe9      	OUT  0x39,R30
                 ; 0000 008B 
                 ; 0000 008C // External Interrupt(s) initialization
                 ; 0000 008D // INT0: Off
                 ; 0000 008E // INT1: Off
                 ; 0000 008F // INT2: Off
                 ; 0000 0090 MCUCR=(0<<ISC11) | (0<<ISC10) | (0<<ISC01) | (0<<ISC00);
000159 e0e0      	LDI  R30,LOW(0)
00015a bfe5      	OUT  0x35,R30
                 ; 0000 0091 MCUCSR=(0<<ISC2);
00015b bfe4      	OUT  0x34,R30
                 ; 0000 0092 
                 ; 0000 0093 // USART initialization
                 ; 0000 0094 // USART disabled
                 ; 0000 0095 UCSRB=(0<<RXCIE) | (0<<TXCIE) | (0<<UDRIE) | (0<<RXEN) | (0<<TXEN) | (0<<UCSZ2) | (0<<RXB8) | (0<<TXB8);
00015c b9ea      	OUT  0xA,R30
                 ; 0000 0096 
                 ; 0000 0097 // Analog Comparator initialization
                 ; 0000 0098 // Analog Comparator: Off
                 ; 0000 0099 // The Analog Comparator's positive input is
                 ; 0000 009A // connected to the AIN0 pin
                 ; 0000 009B // The Analog Comparator's negative input is
                 ; 0000 009C // connected to the AIN1 pin
                 ; 0000 009D ACSR=(1<<ACD) | (0<<ACBG) | (0<<ACO) | (0<<ACI) | (0<<ACIE) | (0<<ACIC) | (0<<ACIS1) | (0<<ACIS0);
00015d e8e0      	LDI  R30,LOW(128)
00015e b9e8      	OUT  0x8,R30
                 ; 0000 009E SFIOR=(0<<ACME);
00015f e0e0      	LDI  R30,LOW(0)
000160 bfe0      	OUT  0x30,R30
                 ; 0000 009F 
                 ; 0000 00A0 // ADC initialization
                 ; 0000 00A1 // ADC disabled
                 ; 0000 00A2 ADCSRA=(0<<ADEN) | (0<<ADSC) | (0<<ADATE) | (0<<ADIF) | (0<<ADIE) | (0<<ADPS2) | (0<<ADPS1) | (0<<ADPS0);
000161 b9e6      	OUT  0x6,R30
                 ; 0000 00A3 
                 ; 0000 00A4 // SPI initialization
                 ; 0000 00A5 // SPI disabled
                 ; 0000 00A6 SPCR=(0<<SPIE) | (0<<SPE) | (0<<DORD) | (0<<MSTR) | (0<<CPOL) | (0<<CPHA) | (0<<SPR1) | (0<<SPR0);
000162 b9ed      	OUT  0xD,R30
                 ; 0000 00A7 
                 ; 0000 00A8 // TWI initialization
                 ; 0000 00A9 // TWI disabled
                 ; 0000 00AA TWCR=(0<<TWEA) | (0<<TWSTA) | (0<<TWSTO) | (0<<TWEN) | (0<<TWIE);
000163 bfe6      	OUT  0x36,R30
                 ; 0000 00AB 
                 ; 0000 00AC // Global enable interrupts
                 ; 0000 00AD #asm("sei")
000164 9478      	sei
                 ; 0000 00AE 
                 ; 0000 00AF while (1)
                 _0xE:
                 ; 0000 00B0       {
                 ; 0000 00B1       }
000165 cfff      	RJMP _0xE
                 ; 0000 00B2 }
                 _0x11:
000166 cfff      	RJMP _0x11
                 ; .FEND
                 
                 	.DSEG
                 _lut:
000160           	.BYTE 0x11
                 _P:
000171           	.BYTE 0x22
                 _TI:
000193           	.BYTE 0x16
                 _W:
0001a9           	.BYTE 0x16
                 
                 	.CSEG
                 ;OPTIMIZER ADDED SUBROUTINE, CALLED 4 TIMES, CODE SIZE REDUCTION:9 WORDS
                 SUBOPT_0x0:
000167 0fee      	LSL  R30
000168 1fff      	ROL  R31
000169 0fae      	ADD  R26,R30
00016a 1fbf      	ADC  R27,R31
00016b 940e 01ae 	CALL __GETW1P
00016d 9508      	RET
                 
                 ;OPTIMIZER ADDED SUBROUTINE, CALLED 2 TIMES, CODE SIZE REDUCTION:5 WORDS
                 SUBOPT_0x1:
00016e 85a8      	LDD  R26,Y+8
00016f 85b9      	LDD  R27,Y+8+1
000170 940e 0183 	CALL __MULW12
000172 010f      	MOVW R0,R30
000173 01f8      	MOVW R30,R16
000174 e9a3      	LDI  R26,LOW(_TI)
000175 e0b1      	LDI  R27,HIGH(_TI)
000176 cff0      	RJMP SUBOPT_0x0
                 
                 
                 	.CSEG
                 __ANEGW1:
000177 95f1      	NEG  R31
000178 95e1      	NEG  R30
000179 40f0      	SBCI R31,0
00017a 9508      	RET
                 
                 __MULW12U:
00017b 9ffa      	MUL  R31,R26
00017c 2df0      	MOV  R31,R0
00017d 9feb      	MUL  R30,R27
00017e 0df0      	ADD  R31,R0
00017f 9fea      	MUL  R30,R26
000180 2de0      	MOV  R30,R0
000181 0df1      	ADD  R31,R1
000182 9508      	RET
                 
                 __MULW12:
000183 d01c      	RCALL __CHKSIGNW
000184 dff6      	RCALL __MULW12U
000185 f40e      	BRTC __MULW121
000186 dff0      	RCALL __ANEGW1
                 __MULW121:
000187 9508      	RET
                 
                 __DIVW21U:
000188 2400      	CLR  R0
000189 2411      	CLR  R1
00018a e190      	LDI  R25,16
                 __DIVW21U1:
00018b 0faa      	LSL  R26
00018c 1fbb      	ROL  R27
00018d 1c00      	ROL  R0
00018e 1c11      	ROL  R1
00018f 1a0e      	SUB  R0,R30
000190 0a1f      	SBC  R1,R31
000191 f418      	BRCC __DIVW21U2
000192 0e0e      	ADD  R0,R30
000193 1e1f      	ADC  R1,R31
000194 c001      	RJMP __DIVW21U3
                 __DIVW21U2:
000195 60a1      	SBR  R26,1
                 __DIVW21U3:
000196 959a      	DEC  R25
000197 f799      	BRNE __DIVW21U1
000198 01fd      	MOVW R30,R26
000199 01d0      	MOVW R26,R0
00019a 9508      	RET
                 
                 __DIVW21:
00019b d004      	RCALL __CHKSIGNW
00019c dfeb      	RCALL __DIVW21U
00019d f40e      	BRTC __DIVW211
00019e dfd8      	RCALL __ANEGW1
                 __DIVW211:
00019f 9508      	RET
                 
                 __CHKSIGNW:
0001a0 94e8      	CLT
0001a1 fff7      	SBRS R31,7
0001a2 c002      	RJMP __CHKSW1
0001a3 dfd3      	RCALL __ANEGW1
0001a4 9468      	SET
                 __CHKSW1:
0001a5 ffb7      	SBRS R27,7
0001a6 c006      	RJMP __CHKSW2
0001a7 95a0      	COM  R26
0001a8 95b0      	COM  R27
0001a9 9611      	ADIW R26,1
0001aa f800      	BLD  R0,0
0001ab 9403      	INC  R0
0001ac fa00      	BST  R0,0
                 __CHKSW2:
0001ad 9508      	RET
                 
                 __GETW1P:
0001ae 91ed      	LD   R30,X+
0001af 91fc      	LD   R31,X
0001b0 9711      	SBIW R26,1
0001b1 9508      	RET
                 
                 __SAVELOCR6:
0001b2 935a      	ST   -Y,R21
                 __SAVELOCR5:
0001b3 934a      	ST   -Y,R20
                 __SAVELOCR4:
0001b4 933a      	ST   -Y,R19
                 __SAVELOCR3:
0001b5 932a      	ST   -Y,R18
                 __SAVELOCR2:
0001b6 931a      	ST   -Y,R17
0001b7 930a      	ST   -Y,R16
0001b8 9508      	RET
                 
                 __LOADLOCR6:
0001b9 815d      	LDD  R21,Y+5
                 __LOADLOCR5:
0001ba 814c      	LDD  R20,Y+4
                 __LOADLOCR4:
0001bb 813b      	LDD  R19,Y+3
                 __LOADLOCR3:
0001bc 812a      	LDD  R18,Y+2
                 __LOADLOCR2:
0001bd 8119      	LDD  R17,Y+1
0001be 8108      	LD   R16,Y
0001bf 9508      	RET
                 
                 ;END OF CODE MARKER
                 __END_OF_CODE:


RESOURCE USE INFORMATION
------------------------

Notice:
The register and instruction counts are symbol table hit counts,
and hence implicitly used resources are not counted, eg, the
'lpm' instruction without operands implicitly uses r0 and z,
none of which are counted.

x,y,z are separate entities in the symbol table and are
counted separately from r26..r31 here.

.dseg memory usage only counts static data declared with .byte

ATmega16 register use summary:
r0 :  20 r1 :   8 r2 :   0 r3 :   0 r4 :   5 r5 :   2 r6 :   0 r7 :   0 
r8 :   0 r9 :   0 r10:   0 r11:   0 r12:   0 r13:   0 r14:   0 r15:   2 
r16:   8 r17:   6 r18:   8 r19:   4 r20:   4 r21:   2 r22:   4 r23:   2 
r24:   9 r25:   6 r26:  38 r27:  25 r28:   3 r29:   1 r30: 122 r31:  41 
x  :   5 y  :  84 z  :   8 
Registers used: 24 out of 35 (68.6%)

ATmega16 instruction use summary:
.lds  :   0 .lds.l:   0 .sts  :   0 .sts.l:   0 adc   :   3 add   :   5 
adiw  :   3 and   :   0 andi  :   0 asr   :   0 bclr  :   0 bld   :   1 
brbc  :   0 brbs  :   0 brcc  :   1 brcs  :   0 break :   0 breq  :   1 
brge  :   2 brhc  :   0 brhs  :   0 brid  :   0 brie  :   0 brlo  :   0 
brlt  :   0 brmi  :   0 brne  :   5 brpl  :   1 brsh  :   0 brtc  :   2 
brts  :   0 brvc  :   0 brvs  :   0 bset  :   0 bst   :   1 call  :   8 
cbi   :   0 cbr   :   0 clc   :   0 clh   :   0 cli   :   1 cln   :   0 
clr   :   6 cls   :   0 clt   :   1 clv   :   0 clz   :   0 com   :   2 
cp    :   1 cpc   :   2 cpi   :   1 cpse  :   0 dec   :   2 des   :   0 
eor   :   0 fmul  :   0 fmuls :   0 fmulsu:   0 icall :   0 ijmp  :   0 
in    :   1 inc   :   1 jmp   :  22 ld    :  16 ldd   :  31 ldi   :  47 
lds   :   0 lpm   :   7 lsl   :   2 lsr   :   0 mov   :   2 movw  :  19 
mul   :   3 muls  :   0 mulsu :   0 neg   :   2 nop   :   0 or    :   0 
ori   :   0 out   :  43 pop   :   0 push  :   0 rcall :  12 ret   :  11 
reti  :   1 rjmp  :   9 rol   :   4 ror   :   0 sbc   :   5 sbci  :   3 
sbi   :   0 sbic  :   0 sbis  :   0 sbiw  :   7 sbr   :   1 sbrc  :   0 
sbrs  :   2 sec   :   0 seh   :   0 sei   :   1 sen   :   0 ser   :   0 
ses   :   0 set   :   1 sev   :   0 sez   :   0 sleep :   0 spm   :   0 
st    :  23 std   :  20 sts   :   0 sub   :   5 subi  :   3 swap  :   0 
tst   :   1 wdr   :   0 
Instructions used: 50 out of 116 (43.1%)

ATmega16 memory use summary [bytes]:
Segment   Begin    End      Code   Data   Used    Size   Use%
---------------------------------------------------------------
[.cseg] 0x000000 0x000380    768    128    896   16384   5.5%
[.dseg] 0x000060 0x0001bf      0     95     95    1024   9.3%
[.eseg] 0x000000 0x000000      0      0      0     512   0.0%

Assembly complete, 0 errors, 4 warnings
